<?xml version="1.0" encoding="UTF-8"?>
<!-- Generated by org.testng.reporters.JUnitReportReporter -->
<testsuite skipped="0" hostname="gigla" name="com.epam.ScenarioScenario" tests="9" failures="0" timestamp="13 авг 2017 20:47:00 GMT" time="54.420" errors="0">
  <testcase name="login" time="2.269" classname="com.epam.ScenarioScenario"/>
  <testcase name="checkStorAndCollat" time="3.841" classname="com.epam.ScenarioScenario"/>
  <testcase name="login" time="1.744" classname="com.epam.ScenarioScenario"/>
  <testcase name="createRows" time="11.046" classname="com.epam.ScenarioScenario"/>
  <testcase name="login" time="2.088" classname="com.epam.ScenarioScenario"/>
  <testcase name="createDB" time="5.298" classname="com.epam.ScenarioScenario"/>
  <testcase name="checkTable" time="16.221" classname="com.epam.ScenarioScenario"/>
  <testcase name="checkRows" time="2.188" classname="com.epam.ScenarioScenario"/>
  <testcase name="createTable" time="9.725" classname="com.epam.ScenarioScenario"/>
</testsuite> <!-- com.epam.ScenarioScenario -->
